c:\users\taktix\desktop\codingai\aiprojects\3dgenetics\geneticsgameengine\build\src\geneticsgameengine.dir\debug\vc143.pdb
c:\users\taktix\desktop\codingai\aiprojects\3dgenetics\geneticsgameengine\build\src\geneticsgameengine.dir\debug\geneticsintegration.obj
c:\users\taktix\desktop\codingai\aiprojects\3dgenetics\geneticsgameengine\build\src\geneticsgameengine.dir\debug\graphicsengine.obj
c:\users\taktix\desktop\codingai\aiprojects\3dgenetics\geneticsgameengine\build\src\geneticsgameengine.dir\debug\window.obj
c:\users\taktix\desktop\codingai\aiprojects\3dgenetics\geneticsgameengine\build\src\geneticsgameengine.dir\debug\main.obj
c:\users\taktix\desktop\codingai\aiprojects\3dgenetics\geneticsgameengine\build\src\cmakefiles\generate.stamp
c:\users\taktix\desktop\codingai\aiprojects\3dgenetics\geneticsgameengine\build\bin\debug\geneticsgameengine.exe
c:\users\taktix\desktop\codingai\aiprojects\3dgenetics\geneticsgameengine\build\bin\debug\geneticsgameengine.pdb
c:\users\taktix\desktop\codingai\aiprojects\3dgenetics\geneticsgameengine\build\src\geneticsgameengine.dir\debug\geneticsgameengine.ilk
c:\users\taktix\desktop\codingai\aiprojects\3dgenetics\geneticsgameengine\build\src\geneticsgameengine.dir\debug\genetics.80281ddd.tlog\cl.command.1.tlog
c:\users\taktix\desktop\codingai\aiprojects\3dgenetics\geneticsgameengine\build\src\geneticsgameengine.dir\debug\genetics.80281ddd.tlog\cl.items.tlog
c:\users\taktix\desktop\codingai\aiprojects\3dgenetics\geneticsgameengine\build\src\geneticsgameengine.dir\debug\genetics.80281ddd.tlog\cl.read.1.tlog
c:\users\taktix\desktop\codingai\aiprojects\3dgenetics\geneticsgameengine\build\src\geneticsgameengine.dir\debug\genetics.80281ddd.tlog\cl.write.1.tlog
c:\users\taktix\desktop\codingai\aiprojects\3dgenetics\geneticsgameengine\build\src\geneticsgameengine.dir\debug\genetics.80281ddd.tlog\custombuild.command.1.tlog
c:\users\taktix\desktop\codingai\aiprojects\3dgenetics\geneticsgameengine\build\src\geneticsgameengine.dir\debug\genetics.80281ddd.tlog\custombuild.read.1.tlog
c:\users\taktix\desktop\codingai\aiprojects\3dgenetics\geneticsgameengine\build\src\geneticsgameengine.dir\debug\genetics.80281ddd.tlog\custombuild.write.1.tlog
c:\users\taktix\desktop\codingai\aiprojects\3dgenetics\geneticsgameengine\build\src\geneticsgameengine.dir\debug\genetics.80281ddd.tlog\link.command.1.tlog
c:\users\taktix\desktop\codingai\aiprojects\3dgenetics\geneticsgameengine\build\src\geneticsgameengine.dir\debug\genetics.80281ddd.tlog\link.read.1.tlog
c:\users\taktix\desktop\codingai\aiprojects\3dgenetics\geneticsgameengine\build\src\geneticsgameengine.dir\debug\genetics.80281ddd.tlog\link.secondary.1.tlog
c:\users\taktix\desktop\codingai\aiprojects\3dgenetics\geneticsgameengine\build\src\geneticsgameengine.dir\debug\genetics.80281ddd.tlog\link.write.1.tlog
